Please report this error to author.
`:help eskk` to see author's e-mail address.

Sun Apr  5 19:31:30 2026

--- char ---
char: ''(0)
mode(): i
--- char ---

--- exception ---
exception type: Vim internal error
v:exception: Can't read '/data/data/com.termux/files/home/Yu/db/eskk/my_jisyo'!
v:throwpoint: function eskk#filter[75]..<SNR>45_asym_filter[56]..<SNR>45_do_henkan[17]..<SNR>45_do_henkan_other[56]..<SNR>64_Dictionary_refer[13]..<SNR>64_PhysicalDict_update_lines[9]..<SNR>64_PhysicalDict_update_lines_main, line 2

   function <SNR>64_PhysicalDict_update_lines_main() abort dict
1      unlockvar 1 self._content_lines
2      let self._content_lines  = readfile(self.path)
3      lockvar 1 self._content_lines
4      call self.parse_lines()
5   
6      let self._ftime_at_set = getftime(self.path)
   endfunction
--- exception ---

--- preedit ---
(no preedit)
--- preedit ---

--- Vim's :version ---
NVIM v0.12.0
Build type: Release
LuaJIT 2.1.1774896198
Run ":verbose version" for more info
--- Vim's :version ---


--- Operating System ---
"uname -a" = Linux localhost 5.10.233-android12-9-g17b66bf6480c-dirty #1 SMP PREEMPT Mon Jan 12 03:32:42 UTC 2026 aarch64 Android
--- Operating System ---

--- feature-list ---
gui_running = 0
unix = 1
mac = 0
macunix = 0
win16 = 0
win32 = 0
win64 = 0
win32unix = 0
win95 = 0
amiga = 0
beos = 0
dos16 = 0
dos32 = 0
os2 = 0
qnx = 0
vms = 0
--- feature-list ---
